[debug] [2019-11-02T13:00:35.132Z] ----------------------------------------------------------------------
[debug] [2019-11-02T13:00:35.135Z] Command:       C:\Program Files\nodejs\node.exe C:\Users\samue\AppData\Roaming\npm\node_modules\firebase-tools\lib\bin\firebase.js init
[debug] [2019-11-02T13:00:35.135Z] CLI Version:   7.6.2
[debug] [2019-11-02T13:00:35.135Z] Platform:      win32
[debug] [2019-11-02T13:00:35.135Z] Node Version:  v12.13.0
[debug] [2019-11-02T13:00:35.137Z] Time:          Sat Nov 02 2019 09:00:35 GMT-0400 (Venezuela Time)
[debug] [2019-11-02T13:00:35.137Z] ----------------------------------------------------------------------
[debug] [2019-11-02T13:00:35.137Z] 
[debug] [2019-11-02T13:00:35.144Z] > command requires scopes: ["email","openid","https://www.googleapis.com/auth/cloudplatformprojects.readonly","https://www.googleapis.com/auth/firebase","https://www.googleapis.com/auth/cloud-platform"]
[debug] [2019-11-02T13:00:35.145Z] > authorizing via signed-in user
[info] 
     ######## #### ########  ######## ########     ###     ######  ########
     ##        ##  ##     ## ##       ##     ##  ##   ##  ##       ##
     ######    ##  ########  ######   ########  #########  ######  ######
     ##        ##  ##    ##  ##       ##     ## ##     ##       ## ##
     ##       #### ##     ## ######## ########  ##     ##  ######  ########

You're about to initialize a Firebase project in this directory:

  C:\Users\samue\Documents\Quiz2

[info] 
=== Project Setup
[info] 
[info] First, let's associate this project directory with a Firebase project.
[info] You can create multiple project aliases by running firebase use --add, 
[info] but for now we'll just set up a default project.
[info] 
[debug] [2019-11-02T13:00:43.984Z] >>> HTTP REQUEST GET https://firebase.googleapis.com/v1beta1/projects?pageSize=100  
 
[debug] [2019-11-02T13:00:46.606Z] <<< HTTP RESPONSE 200
[info] i  Using project quiz2-5bdc7 (quiz2)
[info] 
=== Firestore Setup
[debug] [2019-11-02T13:00:49.739Z] > command requires scopes: ["email","openid","https://www.googleapis.com/auth/cloudplatformprojects.readonly","https://www.googleapis.com/auth/firebase","https://www.googleapis.com/auth/cloud-platform"]
[debug] [2019-11-02T13:00:49.740Z] > authorizing via signed-in user
[debug] [2019-11-02T13:00:49.741Z] >>> HTTP REQUEST GET https://firebase.googleapis.com/v1beta1/projects/quiz2-5bdc7  
 
[debug] [2019-11-02T13:00:50.718Z] <<< HTTP RESPONSE 200
[info] 
[info] Firestore Security Rules allow you to define how and when to allow
[info] requests. You can keep these rules in your project directory
[info] and publish them with firebase deploy.
[info] 
[debug] [2019-11-02T13:00:52.699Z] >>> HTTP REQUEST GET https://firebaserules.googleapis.com/v1/projects/quiz2-5bdc7/releases?pageSize=10&pageToken=  
 
[debug] [2019-11-02T13:00:56.217Z] <<< HTTP RESPONSE 200
[debug] [2019-11-02T13:00:56.219Z] Found ruleset: projects/quiz2-5bdc7/rulesets/ea72def0-b5ff-4d09-9841-c8a74f22ca77
[debug] [2019-11-02T13:00:56.219Z] >>> HTTP REQUEST GET https://firebaserules.googleapis.com/v1/projects/quiz2-5bdc7/rulesets/ea72def0-b5ff-4d09-9841-c8a74f22ca77  
 
[debug] [2019-11-02T13:00:57.617Z] <<< HTTP RESPONSE 200
[info] 
[info] Firestore indexes allow you to perform complex queries while
[info] maintaining performance that scales with the size of the result
[info] set. You can keep index definitions in your project directory
[info] and publish them with firebase deploy.
[info] 
[debug] [2019-11-02T13:00:59.186Z] >>> HTTP REQUEST GET https://firestore.googleapis.com/v1beta2/projects/quiz2-5bdc7/databases/(default)/collectionGroups/-/indexes  
 
[debug] [2019-11-02T13:00:59.187Z] >>> HTTP REQUEST GET https://firestore.googleapis.com/v1beta2/projects/quiz2-5bdc7/databases/(default)/collectionGroups/-/fields?filter=indexConfig.usesAncestorConfig=false  
 
[debug] [2019-11-02T13:01:00.785Z] <<< HTTP RESPONSE 200
[debug] [2019-11-02T13:01:02.754Z] <<< HTTP RESPONSE 200
[info] 
=== Hosting Setup
[info] 
[info] Your public directory is the folder (relative to your project directory) that
[info] will contain Hosting assets to be uploaded with firebase deploy. If you
[info] have a build process for your assets, use your build's output directory.
[info] 
[debug] [2019-11-02T13:06:48.199Z] >>> HTTP REQUEST GET https://www.gstatic.com/firebasejs/releases.json  
 
[debug] [2019-11-02T13:07:11.662Z] Error: connect ETIMEDOUT 216.58.192.35:443
    at TCPConnectWrap.afterConnect [as oncomplete] (net.js:1128:14)
[error] 
[error] Error: Server Error. connect ETIMEDOUT 216.58.192.35:443
